[1/330] state_smallbathroom3_r000_4_d02
[2/330] state_smallbathroom3_r000_4_d03
[3/330] state_smallbathroom3_r000_4_d13
[4/330] state_smallbathroom3_r000_4_d19
[5/330] state_smallbathroom3_r000_4_d22
[6/330] joy_bedroom14_r001_8_d19
[7/330] joy_bedroom14_r001_8_d24
[8/330] joy_bedroom14_r001_8_d07
[9/330] joy_bedroom14_r001_8_d15
[10/330] joy_bedroom14_r001_8_d21
[11/330] joy_bathroom6_r002_12_d22
[12/330] joy_bathroom6_r002_12_d20
[13/330] joy_bathroom6_r002_12_d21
[14/330] joy_bathroom6_r002_12_d12
[15/330] joy_bathroom6_r002_12_d18
[16/330] fulkerson_revis_kitchen11_r003_13_d18
[17/330] fulkerson_revis_kitchen11_r003_13_d20
[18/330] fulkerson_revis_kitchen11_r003_13_d05
[19/330] fulkerson_revis_kitchen11_r003_13_d10
[20/330] fulkerson_revis_kitchen11_r003_13_d21
[21/330] willow_dining12_r004_15_d03
[22/330] willow_dining12_r004_15_d21
[23/330] willow_dining12_r004_15_d02
[24/330] willow_dining12_r004_15_d24
[25/330] willow_dining12_r004_15_d08
[26/330] 14n_office7_r005_17_d03
[27/330] 14n_office7_r005_17_d02
[28/330] 14n_office7_r005_17_d20
[29/330] 14n_office7_r005_17_d18
[30/330] 14n_office7_r005_17_d22
[31/330] 14n_office1_r006_21_d02
[32/330] 14n_office1_r006_21_d03
[33/330] 14n_office1_r006_21_d01
[34/330] 14n_office1_r006_21_d22
[35/330] 14n_office1_r006_21_d23
[36/330] willow_dining8_r007_22_d03
[37/330] willow_dining8_r007_22_d21
[38/330] willow_dining8_r007_22_d10
[39/330] willow_dining8_r007_22_d02
[40/330] willow_dining8_r007_22_d06
[41/330] 14n_office11_r008_23_d03
[42/330] 14n_office11_r008_23_d24
[43/330] 14n_office11_r008_23_d02
[44/330] 14n_office11_r008_23_d23
[45/330] 14n_office11_r008_23_d21
[46/330] kingston_bigbathroom6_r009_27_d22
[47/330] kingston_bigbathroom6_r009_27_d20
[48/330] kingston_bigbathroom6_r009_27_d24
[49/330] kingston_bigbathroom6_r009_27_d21
[50/330] kingston_bigbathroom6_r009_27_d03
[51/330] kingston_living7_r010_32_d22
[52/330] kingston_living7_r010_32_d20
[53/330] kingston_living7_r010_32_d04
[54/330] kingston_living7_r010_32_d21
[55/330] kingston_living7_r010_32_d06
[56/330] west_bathroom4_r011_4_d02
[57/330] west_bathroom4_r011_4_d03
[58/330] west_bathroom4_r011_4_d23
[59/330] west_bathroom4_r011_4_d14
[60/330] west_bathroom4_r011_4_d22
[61/330] state_bigbathroom2_r012_8_d03
[62/330] state_bigbathroom2_r012_8_d02
[63/330] state_bigbathroom2_r012_8_d21
[64/330] state_bigbathroom2_r012_8_d24
[65/330] state_bigbathroom2_r012_8_d23
[66/330] joy_living12_r013_12_d03
[67/330] joy_living12_r013_12_d05
[68/330] joy_living12_r013_12_d02
[69/330] joy_living12_r013_12_d13
[70/330] joy_living12_r013_12_d22
[71/330] elm_revis_kitchen14_r014_13_d02
[72/330] elm_revis_kitchen14_r014_13_d03
[73/330] elm_revis_kitchen14_r014_13_d19
[74/330] elm_revis_kitchen14_r014_13_d20
[75/330] elm_revis_kitchen14_r014_13_d05
[76/330] willow_living19_r015_15_d24
[77/330] willow_living19_r015_15_d15
[78/330] willow_living19_r015_15_d16
[79/330] willow_living19_r015_15_d02
[80/330] willow_living19_r015_15_d01
[81/330] state_kitchen5_r016_17_d18
[82/330] state_kitchen5_r016_17_d02
[83/330] state_kitchen5_r016_17_d14
[84/330] state_kitchen5_r016_17_d24
[85/330] state_kitchen5_r016_17_d10
[86/330] willow_living19_r017_21_d03
[87/330] willow_living19_r017_21_d02
[88/330] willow_living19_r017_21_d22
[89/330] willow_living19_r017_21_d12
[90/330] willow_living19_r017_21_d15
[91/330] willow_living18_r018_22_d24
[92/330] willow_living18_r018_22_d14
[93/330] willow_living18_r018_22_d02
[94/330] willow_living18_r018_22_d07
[95/330] willow_living18_r018_22_d20
[96/330] fulkerson_revis_dining5_r019_23_d22
[97/330] fulkerson_revis_dining5_r019_23_d16
[98/330] fulkerson_revis_dining5_r019_23_d09
[99/330] fulkerson_revis_dining5_r019_23_d03
[100/330] fulkerson_revis_dining5_r019_23_d23
[101/330] joy_bathroom6_r020_27_d22
[102/330] joy_bathroom6_r020_27_d02
[103/330] joy_bathroom6_r020_27_d21
[104/330] joy_bathroom6_r020_27_d11
[105/330] joy_bathroom6_r020_27_d20
[106/330] kingston_floor1bath5_r021_32_d22
[107/330] kingston_floor1bath5_r021_32_d24
[108/330] kingston_floor1bath5_r021_32_d23
[109/330] kingston_floor1bath5_r021_32_d06
[110/330] kingston_floor1bath5_r021_32_d02
[111/330] joy_bathroom9_r022_4_d03
[112/330] joy_bathroom9_r022_4_d02
[113/330] joy_bathroom9_r022_4_d21
[114/330] joy_bathroom9_r022_4_d18
[115/330] joy_bathroom9_r022_4_d00
[116/330] willow_dining11_r023_8_d19
[117/330] willow_dining11_r023_8_d02
[118/330] willow_dining11_r023_8_d11
[119/330] willow_dining11_r023_8_d24
[120/330] willow_dining11_r023_8_d20
[121/330] kingston_dining7_r024_12_d22
[122/330] kingston_dining7_r024_12_d21
[123/330] kingston_dining7_r024_12_d24
[124/330] kingston_dining7_r024_12_d02
[125/330] kingston_dining7_r024_12_d13
[126/330] state_kitchen2_r025_13_d23
[127/330] state_kitchen2_r025_13_d02
[128/330] state_kitchen2_r025_13_d14
[129/330] state_kitchen2_r025_13_d17
[130/330] state_kitchen2_r025_13_d20
[131/330] joy_bedroom14_r026_15_d02
[132/330] joy_bedroom14_r026_15_d21
[133/330] joy_bedroom14_r026_15_d22
[134/330] joy_bedroom14_r026_15_d07
[135/330] joy_bedroom14_r026_15_d05
[136/330] fulkerson_revis_kitchen11_r027_17_d22
[137/330] fulkerson_revis_kitchen11_r027_17_d02
[138/330] fulkerson_revis_kitchen11_r027_17_d18
[139/330] fulkerson_revis_kitchen11_r027_17_d13
[140/330] fulkerson_revis_kitchen11_r027_17_d03
[141/330] kingston_living5_r028_21_d22
[142/330] kingston_living5_r028_21_d20
[143/330] kingston_living5_r028_21_d11
[144/330] kingston_living5_r028_21_d05
[145/330] kingston_living5_r028_21_d03
[146/330] 14n_office11_r029_23_d18
[147/330] 14n_office11_r029_23_d20
[148/330] 14n_office11_r029_23_d05
[149/330] 14n_office11_r029_23_d21
[150/330] 14n_office11_r029_23_d00
[151/330] west_bathroom4_r030_27_d22
[152/330] west_bathroom4_r030_27_d20
[153/330] west_bathroom4_r030_27_d21
[154/330] west_bathroom4_r030_27_d19
[155/330] west_bathroom4_r030_27_d11
[156/330] willow_kitchen18_r031_32_d03
[157/330] willow_kitchen18_r031_32_d24
[158/330] willow_kitchen18_r031_32_d06
[159/330] willow_kitchen18_r031_32_d16
[160/330] willow_kitchen18_r031_32_d18
[161/330] summer_bathroom8_r032_4_d22
[162/330] summer_bathroom8_r032_4_d21
[163/330] summer_bathroom8_r032_4_d20
[164/330] summer_bathroom8_r032_4_d07
[165/330] summer_bathroom8_r032_4_d00
[166/330] state_smallbathroom3_r033_8_d02
[167/330] state_smallbathroom3_r033_8_d20
[168/330] state_smallbathroom3_r033_8_d18
[169/330] state_smallbathroom3_r033_8_d03
[170/330] state_smallbathroom3_r033_8_d00
[171/330] joy_bedroom16_r034_12_d24
[172/330] joy_bedroom16_r034_12_d03
[173/330] joy_bedroom16_r034_12_d21
[174/330] joy_bedroom16_r034_12_d01
[175/330] joy_bedroom16_r034_12_d02
[176/330] willow_dining14_r035_15_d22
[177/330] willow_dining14_r035_15_d20
[178/330] willow_dining14_r035_15_d13
[179/330] willow_dining14_r035_15_d19
[180/330] willow_dining14_r035_15_d21
[181/330] willow_kitchen18_r036_17_d03
[182/330] willow_kitchen18_r036_17_d02
[183/330] willow_kitchen18_r036_17_d13
[184/330] willow_kitchen18_r036_17_d14
[185/330] willow_kitchen18_r036_17_d11
[186/330] 14n_office7_r037_21_d03
[187/330] 14n_office7_r037_21_d24
[188/330] 14n_office7_r037_21_d08
[189/330] 14n_office7_r037_21_d05
[190/330] 14n_office7_r037_21_d20
[191/330] willow_kitchen15_r038_23_d03
[192/330] willow_kitchen15_r038_23_d24
[193/330] willow_kitchen15_r038_23_d15
[194/330] willow_kitchen15_r038_23_d12
[195/330] willow_kitchen15_r038_23_d02
[196/330] state_bigbathroom2_r039_27_d22
[197/330] state_bigbathroom2_r039_27_d21
[198/330] state_bigbathroom2_r039_27_d02
[199/330] state_bigbathroom2_r039_27_d24
[200/330] state_bigbathroom2_r039_27_d20
[201/330] 14n_office11_r040_32_d03
[202/330] 14n_office11_r040_32_d02
[203/330] 14n_office11_r040_32_d21
[204/330] 14n_office11_r040_32_d00
[205/330] 14n_office11_r040_32_d13
[206/330] state_bigbathroom2_r041_4_d02
[207/330] state_bigbathroom2_r041_4_d03
[208/330] state_bigbathroom2_r041_4_d23
[209/330] state_bigbathroom2_r041_4_d04
[210/330] state_bigbathroom2_r041_4_d21
[211/330] summer_bathroom8_r042_8_d22
[212/330] summer_bathroom8_r042_8_d21
[213/330] summer_bathroom8_r042_8_d11
[214/330] summer_bathroom8_r042_8_d03
[215/330] summer_bathroom8_r042_8_d01
[216/330] fulkerson_revis_dining5_r043_12_d03
[217/330] fulkerson_revis_dining5_r043_12_d24
[218/330] fulkerson_revis_dining5_r043_12_d20
[219/330] fulkerson_revis_dining5_r043_12_d21
[220/330] fulkerson_revis_dining5_r043_12_d22
[221/330] willow_dining11_r044_15_d03
[222/330] willow_dining11_r044_15_d02
[223/330] willow_dining11_r044_15_d10
[224/330] willow_dining11_r044_15_d22
[225/330] willow_dining11_r044_15_d21
[226/330] willow_kitchen15_r045_17_d02
[227/330] willow_kitchen15_r045_17_d20
[228/330] willow_kitchen15_r045_17_d14
[229/330] willow_kitchen15_r045_17_d03
[230/330] willow_kitchen15_r045_17_d24
[231/330] kingston_living7_r046_21_d19
[232/330] kingston_living7_r046_21_d02
[233/330] kingston_living7_r046_21_d20
[234/330] kingston_living7_r046_21_d23
[235/330] kingston_living7_r046_21_d04
[236/330] 14n_office1_r047_23_d02
[237/330] 14n_office1_r047_23_d21
[238/330] 14n_office1_r047_23_d05
[239/330] 14n_office1_r047_23_d17
[240/330] 14n_office1_r047_23_d20
[241/330] joy_bathroom9_r048_27_d22
[242/330] joy_bathroom9_r048_27_d20
[243/330] joy_bathroom9_r048_27_d03
[244/330] joy_bathroom9_r048_27_d07
[245/330] joy_bathroom9_r048_27_d14
[246/330] state_kitchen5_r049_32_d13
[247/330] state_kitchen5_r049_32_d20
[248/330] state_kitchen5_r049_32_d19
[249/330] state_kitchen5_r049_32_d10
[250/330] state_kitchen5_r049_32_d21
[251/330] kingston_bigbathroom6_r050_4_d02
[252/330] kingston_bigbathroom6_r050_4_d03
[253/330] kingston_bigbathroom6_r050_4_d00
[254/330] kingston_bigbathroom6_r050_4_d21
[255/330] kingston_bigbathroom6_r050_4_d22
[256/330] willow_dining11_r051_8_d03
[257/330] willow_dining11_r051_8_d02
[258/330] willow_dining11_r051_8_d20
[259/330] willow_dining11_r051_8_d21
[260/330] willow_dining11_r051_8_d19
[261/330] willow_dining14_r052_15_d22
[262/330] willow_dining14_r052_15_d05
[263/330] willow_dining14_r052_15_d20
[264/330] willow_dining14_r052_15_d02
[265/330] willow_dining14_r052_15_d19
[266/330] state_kitchen2_r053_17_d23
[267/330] state_kitchen2_r053_17_d03
[268/330] state_kitchen2_r053_17_d15
[269/330] state_kitchen2_r053_17_d17
[270/330] state_kitchen2_r053_17_d02
[271/330] 14n_office7_r054_21_d03
[272/330] 14n_office7_r054_21_d02
[273/330] 14n_office7_r054_21_d01
[274/330] 14n_office7_r054_21_d13
[275/330] 14n_office7_r054_21_d22
[276/330] willow_dining14_r055_23_d03
[277/330] willow_dining14_r055_23_d24
[278/330] willow_dining14_r055_23_d06
[279/330] willow_dining14_r055_23_d10
[280/330] willow_dining14_r055_23_d19
[281/330] state_smallbathroom3_r056_27_d22
[282/330] state_smallbathroom3_r056_27_d21
[283/330] state_smallbathroom3_r056_27_d02
[284/330] state_smallbathroom3_r056_27_d20
[285/330] state_smallbathroom3_r056_27_d01
[286/330] kingston_living5_r057_32_d03
[287/330] kingston_living5_r057_32_d02
[288/330] kingston_living5_r057_32_d14
[289/330] kingston_living5_r057_32_d20
[290/330] kingston_living5_r057_32_d24
[291/330] joy_living12_r058_8_d03
[292/330] joy_living12_r058_8_d02
[293/330] joy_living12_r058_8_d01
[294/330] joy_living12_r058_8_d20
[295/330] joy_living12_r058_8_d21
[296/330] kingston_floor1bath5_r059_17_d03
[297/330] kingston_floor1bath5_r059_17_d24
[298/330] kingston_floor1bath5_r059_17_d21
[299/330] kingston_floor1bath5_r059_17_d07
[300/330] kingston_floor1bath5_r059_17_d02
[301/330] kingston_floor1bath5_r060_23_d22
[302/330] kingston_floor1bath5_r060_23_d21
[303/330] kingston_floor1bath5_r060_23_d20
[304/330] kingston_floor1bath5_r060_23_d12
[305/330] kingston_floor1bath5_r060_23_d18
[306/330] kingston_dining7_r061_32_d03
[307/330] kingston_dining7_r061_32_d02
[308/330] kingston_dining7_r061_32_d13
[309/330] kingston_dining7_r061_32_d21
[310/330] kingston_dining7_r061_32_d20
[311/330] willow_dining12_r062_8_d03
[312/330] willow_dining12_r062_8_d02
[313/330] willow_dining12_r062_8_d06
[314/330] willow_dining12_r062_8_d21
[315/330] willow_dining12_r062_8_d19
[316/330] joy_bedroom16_r063_8_d03
[317/330] joy_bedroom16_r063_8_d24
[318/330] joy_bedroom16_r063_8_d01
[319/330] joy_bedroom16_r063_8_d15
[320/330] joy_bedroom16_r063_8_d14
[321/330] joy_bedroom14_r064_8_d02
[322/330] joy_bedroom14_r064_8_d03
[323/330] joy_bedroom14_r064_8_d19
[324/330] joy_bedroom14_r064_8_d22
[325/330] joy_bedroom14_r064_8_d24
[326/330] willow_dining8_r065_8_d18
[327/330] willow_dining8_r065_8_d21
[328/330] willow_dining8_r065_8_d03
[329/330] willow_dining8_r065_8_d07
[330/330] willow_dining8_r065_8_d01
{"sample_count": 330, "output_manifest": "experiments/manifests/material_constancy_region_alignment_v1/material_constancy_region_alignment_manifest.jsonl"}
