Loading pipeline components...:   0%|          | 0/5 [00:00<?, ?it/s]Loading pipeline components...:  60%|██████    | 3/5 [00:00<00:00, 16.88it/s]Loading pipeline components...: 100%|██████████| 5/5 [00:00<00:00, 17.22it/s]Loading pipeline components...: 100%|██████████| 5/5 [00:00<00:00, 17.13it/s]
[1/247] 14n_office1 light=1 regions=1
[2/247] 14n_office1 light=2 regions=2
[3/247] 14n_office1 light=3 regions=1
[4/247] 14n_office1 light=5 regions=1
[5/247] 14n_office1 light=17 regions=1
[6/247] 14n_office1 light=20 regions=1
[7/247] 14n_office1 light=21 regions=1
[8/247] 14n_office1 light=22 regions=1
[9/247] 14n_office1 light=23 regions=1
[10/247] 14n_office11 light=0 regions=2
[11/247] 14n_office11 light=2 regions=2
[12/247] 14n_office11 light=3 regions=2
[13/247] 14n_office11 light=5 regions=1
[14/247] 14n_office11 light=13 regions=1
[15/247] 14n_office11 light=18 regions=1
[16/247] 14n_office11 light=20 regions=1
[17/247] 14n_office11 light=21 regions=3
[18/247] 14n_office11 light=23 regions=1
[19/247] 14n_office11 light=24 regions=1
[20/247] 14n_office7 light=1 regions=1
[21/247] 14n_office7 light=2 regions=2
[22/247] 14n_office7 light=3 regions=3
[23/247] 14n_office7 light=5 regions=1
[24/247] 14n_office7 light=8 regions=1
[25/247] 14n_office7 light=13 regions=1
[26/247] 14n_office7 light=18 regions=1
[27/247] 14n_office7 light=20 regions=2
[28/247] 14n_office7 light=22 regions=2
[29/247] 14n_office7 light=24 regions=1
[30/247] elm_revis_kitchen14 light=2 regions=1
[31/247] elm_revis_kitchen14 light=3 regions=1
[32/247] elm_revis_kitchen14 light=5 regions=1
[33/247] elm_revis_kitchen14 light=19 regions=1
[34/247] elm_revis_kitchen14 light=20 regions=1
[35/247] fulkerson_revis_dining5 light=3 regions=2
[36/247] fulkerson_revis_dining5 light=9 regions=1
[37/247] fulkerson_revis_dining5 light=16 regions=1
[38/247] fulkerson_revis_dining5 light=20 regions=1
[39/247] fulkerson_revis_dining5 light=21 regions=1
[40/247] fulkerson_revis_dining5 light=22 regions=2
[41/247] fulkerson_revis_dining5 light=23 regions=1
[42/247] fulkerson_revis_dining5 light=24 regions=1
[43/247] fulkerson_revis_kitchen11 light=2 regions=1
[44/247] fulkerson_revis_kitchen11 light=3 regions=1
[45/247] fulkerson_revis_kitchen11 light=5 regions=1
[46/247] fulkerson_revis_kitchen11 light=10 regions=1
[47/247] fulkerson_revis_kitchen11 light=13 regions=1
[48/247] fulkerson_revis_kitchen11 light=18 regions=2
[49/247] fulkerson_revis_kitchen11 light=20 regions=1
[50/247] fulkerson_revis_kitchen11 light=21 regions=1
[51/247] fulkerson_revis_kitchen11 light=22 regions=1
[52/247] joy_bathroom6 light=2 regions=1
[53/247] joy_bathroom6 light=11 regions=1
[54/247] joy_bathroom6 light=12 regions=1
[55/247] joy_bathroom6 light=18 regions=1
[56/247] joy_bathroom6 light=20 regions=2
[57/247] joy_bathroom6 light=21 regions=2
[58/247] joy_bathroom6 light=22 regions=2
[59/247] joy_bathroom9 light=0 regions=1
[60/247] joy_bathroom9 light=2 regions=1
[61/247] joy_bathroom9 light=3 regions=2
[62/247] joy_bathroom9 light=7 regions=1
[63/247] joy_bathroom9 light=14 regions=1
[64/247] joy_bathroom9 light=18 regions=1
[65/247] joy_bathroom9 light=20 regions=1
[66/247] joy_bathroom9 light=21 regions=1
[67/247] joy_bathroom9 light=22 regions=1
[68/247] joy_bedroom14 light=2 regions=2
[69/247] joy_bedroom14 light=3 regions=1
[70/247] joy_bedroom14 light=5 regions=1
[71/247] joy_bedroom14 light=7 regions=2
[72/247] joy_bedroom14 light=15 regions=1
[73/247] joy_bedroom14 light=19 regions=2
[74/247] joy_bedroom14 light=21 regions=2
[75/247] joy_bedroom14 light=22 regions=2
[76/247] joy_bedroom14 light=24 regions=2
[77/247] joy_bedroom16 light=1 regions=2
[78/247] joy_bedroom16 light=2 regions=1
[79/247] joy_bedroom16 light=3 regions=2
[80/247] joy_bedroom16 light=14 regions=1
[81/247] joy_bedroom16 light=15 regions=1
[82/247] joy_bedroom16 light=21 regions=1
[83/247] joy_bedroom16 light=24 regions=2
[84/247] joy_living12 light=1 regions=1
[85/247] joy_living12 light=2 regions=2
[86/247] joy_living12 light=3 regions=2
[87/247] joy_living12 light=5 regions=1
[88/247] joy_living12 light=13 regions=1
[89/247] joy_living12 light=20 regions=1
[90/247] joy_living12 light=21 regions=1
[91/247] joy_living12 light=22 regions=1
[92/247] kingston_bigbathroom6 light=0 regions=1
[93/247] kingston_bigbathroom6 light=2 regions=1
[94/247] kingston_bigbathroom6 light=3 regions=2
[95/247] kingston_bigbathroom6 light=20 regions=1
[96/247] kingston_bigbathroom6 light=21 regions=2
[97/247] kingston_bigbathroom6 light=22 regions=2
[98/247] kingston_bigbathroom6 light=24 regions=1
[99/247] kingston_dining7 light=2 regions=2
[100/247] kingston_dining7 light=3 regions=1
[101/247] kingston_dining7 light=13 regions=2
[102/247] kingston_dining7 light=20 regions=1
[103/247] kingston_dining7 light=21 regions=2
[104/247] kingston_dining7 light=22 regions=1
[105/247] kingston_dining7 light=24 regions=1
[106/247] kingston_floor1bath5 light=2 regions=2
[107/247] kingston_floor1bath5 light=3 regions=1
[108/247] kingston_floor1bath5 light=6 regions=1
[109/247] kingston_floor1bath5 light=7 regions=1
[110/247] kingston_floor1bath5 light=12 regions=1
[111/247] kingston_floor1bath5 light=18 regions=1
[112/247] kingston_floor1bath5 light=20 regions=1
[113/247] kingston_floor1bath5 light=21 regions=2
[114/247] kingston_floor1bath5 light=22 regions=2
[115/247] kingston_floor1bath5 light=23 regions=1
[116/247] kingston_floor1bath5 light=24 regions=2
[117/247] kingston_living5 light=2 regions=1
[118/247] kingston_living5 light=3 regions=2
[119/247] kingston_living5 light=5 regions=1
[120/247] kingston_living5 light=11 regions=1
[121/247] kingston_living5 light=14 regions=1
[122/247] kingston_living5 light=20 regions=2
[123/247] kingston_living5 light=22 regions=1
[124/247] kingston_living5 light=24 regions=1
[125/247] kingston_living7 light=2 regions=1
[126/247] kingston_living7 light=4 regions=2
[127/247] kingston_living7 light=6 regions=1
[128/247] kingston_living7 light=19 regions=1
[129/247] kingston_living7 light=20 regions=2
[130/247] kingston_living7 light=21 regions=1
[131/247] kingston_living7 light=22 regions=1
[132/247] kingston_living7 light=23 regions=1
[133/247] state_bigbathroom2 light=2 regions=3
[134/247] state_bigbathroom2 light=3 regions=2
[135/247] state_bigbathroom2 light=4 regions=1
[136/247] state_bigbathroom2 light=20 regions=1
[137/247] state_bigbathroom2 light=21 regions=3
[138/247] state_bigbathroom2 light=22 regions=1
[139/247] state_bigbathroom2 light=23 regions=2
[140/247] state_bigbathroom2 light=24 regions=2
[141/247] state_kitchen2 light=2 regions=2
[142/247] state_kitchen2 light=3 regions=1
[143/247] state_kitchen2 light=14 regions=1
[144/247] state_kitchen2 light=15 regions=1
[145/247] state_kitchen2 light=17 regions=2
[146/247] state_kitchen2 light=20 regions=1
[147/247] state_kitchen2 light=23 regions=2
[148/247] state_kitchen5 light=2 regions=1
[149/247] state_kitchen5 light=10 regions=2
[150/247] state_kitchen5 light=13 regions=1
[151/247] state_kitchen5 light=14 regions=1
[152/247] state_kitchen5 light=18 regions=1
[153/247] state_kitchen5 light=19 regions=1
[154/247] state_kitchen5 light=20 regions=1
[155/247] state_kitchen5 light=21 regions=1
[156/247] state_kitchen5 light=24 regions=1
[157/247] state_smallbathroom3 light=0 regions=1
[158/247] state_smallbathroom3 light=1 regions=1
[159/247] state_smallbathroom3 light=2 regions=3
[160/247] state_smallbathroom3 light=3 regions=2
[161/247] state_smallbathroom3 light=13 regions=1
[162/247] state_smallbathroom3 light=18 regions=1
[163/247] state_smallbathroom3 light=19 regions=1
[164/247] state_smallbathroom3 light=20 regions=2
[165/247] state_smallbathroom3 light=21 regions=1
[166/247] state_smallbathroom3 light=22 regions=2
[167/247] summer_bathroom8 light=0 regions=1
[168/247] summer_bathroom8 light=1 regions=1
[169/247] summer_bathroom8 light=3 regions=1
[170/247] summer_bathroom8 light=7 regions=1
[171/247] summer_bathroom8 light=11 regions=1
[172/247] summer_bathroom8 light=20 regions=1
[173/247] summer_bathroom8 light=21 regions=2
[174/247] summer_bathroom8 light=22 regions=2
[175/247] west_bathroom4 light=2 regions=1
[176/247] west_bathroom4 light=3 regions=1
[177/247] west_bathroom4 light=11 regions=1
[178/247] west_bathroom4 light=14 regions=1
[179/247] west_bathroom4 light=19 regions=1
[180/247] west_bathroom4 light=20 regions=1
[181/247] west_bathroom4 light=21 regions=1
[182/247] west_bathroom4 light=22 regions=2
[183/247] west_bathroom4 light=23 regions=1
[184/247] willow_dining11 light=2 regions=3
[185/247] willow_dining11 light=3 regions=2
[186/247] willow_dining11 light=10 regions=1
[187/247] willow_dining11 light=11 regions=1
[188/247] willow_dining11 light=19 regions=2
[189/247] willow_dining11 light=20 regions=2
[190/247] willow_dining11 light=21 regions=2
[191/247] willow_dining11 light=22 regions=1
[192/247] willow_dining11 light=24 regions=1
[193/247] willow_dining12 light=2 regions=2
[194/247] willow_dining12 light=3 regions=2
[195/247] willow_dining12 light=6 regions=1
[196/247] willow_dining12 light=8 regions=1
[197/247] willow_dining12 light=19 regions=1
[198/247] willow_dining12 light=21 regions=2
[199/247] willow_dining12 light=24 regions=1
[200/247] willow_dining14 light=2 regions=1
[201/247] willow_dining14 light=3 regions=1
[202/247] willow_dining14 light=5 regions=1
[203/247] willow_dining14 light=6 regions=1
[204/247] willow_dining14 light=10 regions=1
[205/247] willow_dining14 light=13 regions=1
[206/247] willow_dining14 light=19 regions=3
[207/247] willow_dining14 light=20 regions=2
[208/247] willow_dining14 light=21 regions=1
[209/247] willow_dining14 light=22 regions=2
[210/247] willow_dining14 light=24 regions=1
[211/247] willow_dining8 light=1 regions=1
[212/247] willow_dining8 light=2 regions=1
[213/247] willow_dining8 light=3 regions=2
[214/247] willow_dining8 light=6 regions=1
[215/247] willow_dining8 light=7 regions=1
[216/247] willow_dining8 light=10 regions=1
[217/247] willow_dining8 light=18 regions=1
[218/247] willow_dining8 light=21 regions=2
[219/247] willow_kitchen15 light=2 regions=2
[220/247] willow_kitchen15 light=3 regions=2
[221/247] willow_kitchen15 light=12 regions=1
[222/247] willow_kitchen15 light=14 regions=1
[223/247] willow_kitchen15 light=15 regions=1
[224/247] willow_kitchen15 light=20 regions=1
[225/247] willow_kitchen15 light=24 regions=2
[226/247] willow_kitchen18 light=2 regions=1
[227/247] willow_kitchen18 light=3 regions=2
[228/247] willow_kitchen18 light=6 regions=1
[229/247] willow_kitchen18 light=11 regions=1
[230/247] willow_kitchen18 light=13 regions=1
[231/247] willow_kitchen18 light=14 regions=1
[232/247] willow_kitchen18 light=16 regions=1
[233/247] willow_kitchen18 light=18 regions=1
[234/247] willow_kitchen18 light=24 regions=1
[235/247] willow_living18 light=2 regions=1
[236/247] willow_living18 light=7 regions=1
[237/247] willow_living18 light=14 regions=1
[238/247] willow_living18 light=20 regions=1
[239/247] willow_living18 light=24 regions=1
[240/247] willow_living19 light=1 regions=1
[241/247] willow_living19 light=2 regions=2
[242/247] willow_living19 light=3 regions=1
[243/247] willow_living19 light=12 regions=1
[244/247] willow_living19 light=15 regions=2
[245/247] willow_living19 light=16 regions=1
[246/247] willow_living19 light=22 regions=1
[247/247] willow_living19 light=24 regions=1
{"unique_scene_light_count": 247, "sample_count": 330, "output_manifest": "/home/xjy/multimodal-research/experiments/manifests/material_constancy_albedo_v1/material_constancy_albedo_manifest.jsonl"}
