Loading pipeline components...:   0%|          | 0/5 [00:00<?, ?it/s]Loading pipeline components...:  60%|██████    | 3/5 [00:00<00:00, 27.39it/s]Loading pipeline components...: 100%|██████████| 5/5 [00:00<00:00, 17.40it/s]
[1/247] 14n_office1 light=1
[2/247] 14n_office1 light=2
[3/247] 14n_office1 light=3
[4/247] 14n_office1 light=5
[5/247] 14n_office1 light=17
[6/247] 14n_office1 light=20
[7/247] 14n_office1 light=21
[8/247] 14n_office1 light=22
[9/247] 14n_office1 light=23
[10/247] 14n_office11 light=0
[11/247] 14n_office11 light=2
[12/247] 14n_office11 light=3
[13/247] 14n_office11 light=5
[14/247] 14n_office11 light=13
[15/247] 14n_office11 light=18
[16/247] 14n_office11 light=20
[17/247] 14n_office11 light=21
[18/247] 14n_office11 light=23
[19/247] 14n_office11 light=24
[20/247] 14n_office7 light=1
[21/247] 14n_office7 light=2
[22/247] 14n_office7 light=3
[23/247] 14n_office7 light=5
[24/247] 14n_office7 light=8
[25/247] 14n_office7 light=13
[26/247] 14n_office7 light=18
[27/247] 14n_office7 light=20
[28/247] 14n_office7 light=22
[29/247] 14n_office7 light=24
[30/247] elm_revis_kitchen14 light=2
[31/247] elm_revis_kitchen14 light=3
[32/247] elm_revis_kitchen14 light=5
[33/247] elm_revis_kitchen14 light=19
[34/247] elm_revis_kitchen14 light=20
[35/247] fulkerson_revis_dining5 light=3
[36/247] fulkerson_revis_dining5 light=9
[37/247] fulkerson_revis_dining5 light=16
[38/247] fulkerson_revis_dining5 light=20
[39/247] fulkerson_revis_dining5 light=21
[40/247] fulkerson_revis_dining5 light=22
[41/247] fulkerson_revis_dining5 light=23
[42/247] fulkerson_revis_dining5 light=24
[43/247] fulkerson_revis_kitchen11 light=2
[44/247] fulkerson_revis_kitchen11 light=3
[45/247] fulkerson_revis_kitchen11 light=5
[46/247] fulkerson_revis_kitchen11 light=10
[47/247] fulkerson_revis_kitchen11 light=13
[48/247] fulkerson_revis_kitchen11 light=18
[49/247] fulkerson_revis_kitchen11 light=20
[50/247] fulkerson_revis_kitchen11 light=21
[51/247] fulkerson_revis_kitchen11 light=22
[52/247] joy_bathroom6 light=2
[53/247] joy_bathroom6 light=11
[54/247] joy_bathroom6 light=12
[55/247] joy_bathroom6 light=18
[56/247] joy_bathroom6 light=20
[57/247] joy_bathroom6 light=21
[58/247] joy_bathroom6 light=22
[59/247] joy_bathroom9 light=0
[60/247] joy_bathroom9 light=2
[61/247] joy_bathroom9 light=3
[62/247] joy_bathroom9 light=7
[63/247] joy_bathroom9 light=14
[64/247] joy_bathroom9 light=18
[65/247] joy_bathroom9 light=20
[66/247] joy_bathroom9 light=21
[67/247] joy_bathroom9 light=22
[68/247] joy_bedroom14 light=2
[69/247] joy_bedroom14 light=3
[70/247] joy_bedroom14 light=5
[71/247] joy_bedroom14 light=7
[72/247] joy_bedroom14 light=15
[73/247] joy_bedroom14 light=19
[74/247] joy_bedroom14 light=21
[75/247] joy_bedroom14 light=22
[76/247] joy_bedroom14 light=24
[77/247] joy_bedroom16 light=1
[78/247] joy_bedroom16 light=2
[79/247] joy_bedroom16 light=3
[80/247] joy_bedroom16 light=14
[81/247] joy_bedroom16 light=15
[82/247] joy_bedroom16 light=21
[83/247] joy_bedroom16 light=24
[84/247] joy_living12 light=1
[85/247] joy_living12 light=2
[86/247] joy_living12 light=3
[87/247] joy_living12 light=5
[88/247] joy_living12 light=13
[89/247] joy_living12 light=20
[90/247] joy_living12 light=21
[91/247] joy_living12 light=22
[92/247] kingston_bigbathroom6 light=0
[93/247] kingston_bigbathroom6 light=2
[94/247] kingston_bigbathroom6 light=3
[95/247] kingston_bigbathroom6 light=20
[96/247] kingston_bigbathroom6 light=21
[97/247] kingston_bigbathroom6 light=22
[98/247] kingston_bigbathroom6 light=24
[99/247] kingston_dining7 light=2
[100/247] kingston_dining7 light=3
[101/247] kingston_dining7 light=13
[102/247] kingston_dining7 light=20
[103/247] kingston_dining7 light=21
[104/247] kingston_dining7 light=22
[105/247] kingston_dining7 light=24
[106/247] kingston_floor1bath5 light=2
[107/247] kingston_floor1bath5 light=3
[108/247] kingston_floor1bath5 light=6
[109/247] kingston_floor1bath5 light=7
[110/247] kingston_floor1bath5 light=12
[111/247] kingston_floor1bath5 light=18
[112/247] kingston_floor1bath5 light=20
[113/247] kingston_floor1bath5 light=21
[114/247] kingston_floor1bath5 light=22
[115/247] kingston_floor1bath5 light=23
[116/247] kingston_floor1bath5 light=24
[117/247] kingston_living5 light=2
[118/247] kingston_living5 light=3
[119/247] kingston_living5 light=5
[120/247] kingston_living5 light=11
[121/247] kingston_living5 light=14
[122/247] kingston_living5 light=20
[123/247] kingston_living5 light=22
[124/247] kingston_living5 light=24
[125/247] kingston_living7 light=2
[126/247] kingston_living7 light=4
[127/247] kingston_living7 light=6
[128/247] kingston_living7 light=19
[129/247] kingston_living7 light=20
[130/247] kingston_living7 light=21
[131/247] kingston_living7 light=22
[132/247] kingston_living7 light=23
[133/247] state_bigbathroom2 light=2
[134/247] state_bigbathroom2 light=3
[135/247] state_bigbathroom2 light=4
[136/247] state_bigbathroom2 light=20
[137/247] state_bigbathroom2 light=21
[138/247] state_bigbathroom2 light=22
[139/247] state_bigbathroom2 light=23
[140/247] state_bigbathroom2 light=24
[141/247] state_kitchen2 light=2
[142/247] state_kitchen2 light=3
[143/247] state_kitchen2 light=14
[144/247] state_kitchen2 light=15
[145/247] state_kitchen2 light=17
[146/247] state_kitchen2 light=20
[147/247] state_kitchen2 light=23
[148/247] state_kitchen5 light=2
[149/247] state_kitchen5 light=10
[150/247] state_kitchen5 light=13
[151/247] state_kitchen5 light=14
[152/247] state_kitchen5 light=18
[153/247] state_kitchen5 light=19
[154/247] state_kitchen5 light=20
[155/247] state_kitchen5 light=21
[156/247] state_kitchen5 light=24
[157/247] state_smallbathroom3 light=0
[158/247] state_smallbathroom3 light=1
[159/247] state_smallbathroom3 light=2
[160/247] state_smallbathroom3 light=3
[161/247] state_smallbathroom3 light=13
[162/247] state_smallbathroom3 light=18
[163/247] state_smallbathroom3 light=19
[164/247] state_smallbathroom3 light=20
[165/247] state_smallbathroom3 light=21
[166/247] state_smallbathroom3 light=22
[167/247] summer_bathroom8 light=0
[168/247] summer_bathroom8 light=1
[169/247] summer_bathroom8 light=3
[170/247] summer_bathroom8 light=7
[171/247] summer_bathroom8 light=11
[172/247] summer_bathroom8 light=20
[173/247] summer_bathroom8 light=21
[174/247] summer_bathroom8 light=22
[175/247] west_bathroom4 light=2
[176/247] west_bathroom4 light=3
[177/247] west_bathroom4 light=11
[178/247] west_bathroom4 light=14
[179/247] west_bathroom4 light=19
[180/247] west_bathroom4 light=20
[181/247] west_bathroom4 light=21
[182/247] west_bathroom4 light=22
[183/247] west_bathroom4 light=23
[184/247] willow_dining11 light=2
[185/247] willow_dining11 light=3
[186/247] willow_dining11 light=10
[187/247] willow_dining11 light=11
[188/247] willow_dining11 light=19
[189/247] willow_dining11 light=20
[190/247] willow_dining11 light=21
[191/247] willow_dining11 light=22
[192/247] willow_dining11 light=24
[193/247] willow_dining12 light=2
[194/247] willow_dining12 light=3
[195/247] willow_dining12 light=6
[196/247] willow_dining12 light=8
[197/247] willow_dining12 light=19
[198/247] willow_dining12 light=21
[199/247] willow_dining12 light=24
[200/247] willow_dining14 light=2
[201/247] willow_dining14 light=3
[202/247] willow_dining14 light=5
[203/247] willow_dining14 light=6
[204/247] willow_dining14 light=10
[205/247] willow_dining14 light=13
[206/247] willow_dining14 light=19
[207/247] willow_dining14 light=20
[208/247] willow_dining14 light=21
[209/247] willow_dining14 light=22
[210/247] willow_dining14 light=24
[211/247] willow_dining8 light=1
[212/247] willow_dining8 light=2
[213/247] willow_dining8 light=3
[214/247] willow_dining8 light=6
[215/247] willow_dining8 light=7
[216/247] willow_dining8 light=10
[217/247] willow_dining8 light=18
[218/247] willow_dining8 light=21
[219/247] willow_kitchen15 light=2
[220/247] willow_kitchen15 light=3
[221/247] willow_kitchen15 light=12
[222/247] willow_kitchen15 light=14
[223/247] willow_kitchen15 light=15
[224/247] willow_kitchen15 light=20
[225/247] willow_kitchen15 light=24
[226/247] willow_kitchen18 light=2
[227/247] willow_kitchen18 light=3
[228/247] willow_kitchen18 light=6
[229/247] willow_kitchen18 light=11
[230/247] willow_kitchen18 light=13
[231/247] willow_kitchen18 light=14
[232/247] willow_kitchen18 light=16
[233/247] willow_kitchen18 light=18
[234/247] willow_kitchen18 light=24
[235/247] willow_living18 light=2
[236/247] willow_living18 light=7
[237/247] willow_living18 light=14
[238/247] willow_living18 light=20
[239/247] willow_living18 light=24
[240/247] willow_living19 light=1
[241/247] willow_living19 light=2
[242/247] willow_living19 light=3
[243/247] willow_living19 light=12
[244/247] willow_living19 light=15
[245/247] willow_living19 light=16
[246/247] willow_living19 light=22
[247/247] willow_living19 light=24
{"sample_count": 330, "scene_light_count": 247}
