2026-07-19 01:16:45.414071: E external/local_xla/xla/stream_executor/cuda/cuda_fft.cc:467] Unable to register cuFFT factory: Attempting to register factory for plugin cuFFT when one has already been registered
WARNING: All log messages before absl::InitializeLog() is called are written to STDERR
E0000 00:00:1784395005.436860 2077223 cuda_dnn.cc:8579] Unable to register cuDNN factory: Attempting to register factory for plugin cuDNN when one has already been registered
E0000 00:00:1784395005.443426 2077223 cuda_blas.cc:1407] Unable to register cuBLAS factory: Attempting to register factory for plugin cuBLAS when one has already been registered
W0000 00:00:1784395005.461060 2077223 computation_placer.cc:177] computation placer already registered. Please check linkage and avoid linking the same target more than once.
W0000 00:00:1784395005.461100 2077223 computation_placer.cc:177] computation placer already registered. Please check linkage and avoid linking the same target more than once.
W0000 00:00:1784395005.461103 2077223 computation_placer.cc:177] computation placer already registered. Please check linkage and avoid linking the same target more than once.
W0000 00:00:1784395005.461106 2077223 computation_placer.cc:177] computation placer already registered. Please check linkage and avoid linking the same target more than once.
2026-07-19 01:16:45.466052: I tensorflow/core/platform/cpu_feature_guard.cc:210] This TensorFlow binary is optimized to use available CPU instructions in performance-critical operations.
To enable the following instructions: AVX2 FMA, in other operations, rebuild TensorFlow with the appropriate compiler flags.
`torch_dtype` is deprecated! Use `dtype` instead!
The following generation flags are not valid and may be ignored: ['temperature', 'top_p', 'top_k']. Set `TRANSFORMERS_VERBOSITY=info` for more details.
[1/330] state_smallbathroom3_r000_4_d02 gt=ceramic pred=glass raw='glass'
[2/330] state_smallbathroom3_r000_4_d03 gt=ceramic pred=tile raw='tile'
[3/330] state_smallbathroom3_r000_4_d13 gt=ceramic pred=tile raw='tile'
[4/330] state_smallbathroom3_r000_4_d19 gt=ceramic pred=tile raw='tile'
[5/330] state_smallbathroom3_r000_4_d22 gt=ceramic pred=tile raw='tile'
[6/330] joy_bedroom14_r001_8_d19 gt=fabric/cloth pred=fabric/cloth raw='fabric/cloth'
[7/330] joy_bedroom14_r001_8_d24 gt=fabric/cloth pred=tile raw='tile'
[8/330] joy_bedroom14_r001_8_d07 gt=fabric/cloth pred=fabric/cloth raw='fabric/cloth'
[9/330] joy_bedroom14_r001_8_d15 gt=fabric/cloth pred=fabric/cloth raw='fabric/cloth'
[10/330] joy_bedroom14_r001_8_d21 gt=fabric/cloth pred=tile raw='tile'
[11/330] joy_bathroom6_r002_12_d22 gt=glass pred=tile raw='tile'
[12/330] joy_bathroom6_r002_12_d20 gt=glass pred=tile raw='tile'
[13/330] joy_bathroom6_r002_12_d21 gt=glass pred=tile raw='tile'
[14/330] joy_bathroom6_r002_12_d12 gt=glass pred=tile raw='tile'
[15/330] joy_bathroom6_r002_12_d18 gt=glass pred=tile raw='tile'
[16/330] fulkerson_revis_kitchen11_r003_13_d18 gt=granite/marble pred=tile raw='tile'
[17/330] fulkerson_revis_kitchen11_r003_13_d20 gt=granite/marble pred=tile raw='tile'
[18/330] fulkerson_revis_kitchen11_r003_13_d05 gt=granite/marble pred=tile raw='tile'
[19/330] fulkerson_revis_kitchen11_r003_13_d10 gt=granite/marble pred=tile raw='tile'
[20/330] fulkerson_revis_kitchen11_r003_13_d21 gt=granite/marble pred=tile raw='tile'
[21/330] willow_dining12_r004_15_d03 gt=leather pred=tile raw='tile'
[22/330] willow_dining12_r004_15_d21 gt=leather pred=fabric/cloth raw='fabric/cloth'
[23/330] willow_dining12_r004_15_d02 gt=leather pred=tile raw='tile'
[24/330] willow_dining12_r004_15_d24 gt=leather pred=tile raw='tile'
[25/330] willow_dining12_r004_15_d08 gt=leather pred=tile raw='tile'
[26/330] 14n_office7_r005_17_d03 gt=metal pred=tile raw='tile'
[27/330] 14n_office7_r005_17_d02 gt=metal pred=glass raw='glass'
[28/330] 14n_office7_r005_17_d20 gt=metal pred=tile raw='tile'
[29/330] 14n_office7_r005_17_d18 gt=metal pred=tile raw='tile'
[30/330] 14n_office7_r005_17_d22 gt=metal pred=tile raw='tile'
[31/330] 14n_office1_r006_21_d02 gt=paper/tissue pred=wood raw='wood'
[32/330] 14n_office1_r006_21_d03 gt=paper/tissue pred=wood raw='wood'
[33/330] 14n_office1_r006_21_d01 gt=paper/tissue pred=metal raw='metal'
[34/330] 14n_office1_r006_21_d22 gt=paper/tissue pred=wood raw='wood'
[35/330] 14n_office1_r006_21_d23 gt=paper/tissue pred=leather raw='leather'
[36/330] willow_dining8_r007_22_d03 gt=clear plastic pred=fabric/cloth raw='fabric/cloth'
[37/330] willow_dining8_r007_22_d21 gt=clear plastic pred=tile raw='tile'
[38/330] willow_dining8_r007_22_d10 gt=clear plastic pred=fabric/cloth raw='fabric/cloth'
[39/330] willow_dining8_r007_22_d02 gt=clear plastic pred=tile raw='tile'
[40/330] willow_dining8_r007_22_d06 gt=clear plastic pred=paper/tissue raw='paper/tissue'
[41/330] 14n_office11_r008_23_d03 gt=opaque plastic pred=tile raw='tile'
[42/330] 14n_office11_r008_23_d24 gt=opaque plastic pred=glass raw='glass'
[43/330] 14n_office11_r008_23_d02 gt=opaque plastic pred=glass raw='glass'
[44/330] 14n_office11_r008_23_d23 gt=opaque plastic pred=tile raw='tile'
[45/330] 14n_office11_r008_23_d21 gt=opaque plastic pred=glass raw='glass'
[46/330] kingston_bigbathroom6_r009_27_d22 gt=tile pred=tile raw='tile'
[47/330] kingston_bigbathroom6_r009_27_d20 gt=tile pred=tile raw='tile'
[48/330] kingston_bigbathroom6_r009_27_d24 gt=tile pred=tile raw='tile'
[49/330] kingston_bigbathroom6_r009_27_d21 gt=tile pred=tile raw='tile'
[50/330] kingston_bigbathroom6_r009_27_d03 gt=tile pred=tile raw='tile'
[51/330] kingston_living7_r010_32_d22 gt=wood pred=wood raw='wood'
[52/330] kingston_living7_r010_32_d20 gt=wood pred=wood raw='wood'
[53/330] kingston_living7_r010_32_d04 gt=wood pred=wood raw='wood'
[54/330] kingston_living7_r010_32_d21 gt=wood pred=wood raw='wood'
[55/330] kingston_living7_r010_32_d06 gt=wood pred=wood raw='wood'
[56/330] west_bathroom4_r011_4_d02 gt=ceramic pred=tile raw='tile'
[57/330] west_bathroom4_r011_4_d03 gt=ceramic pred=tile raw='tile'
[58/330] west_bathroom4_r011_4_d23 gt=ceramic pred=tile raw='tile'
[59/330] west_bathroom4_r011_4_d14 gt=ceramic pred=tile raw='tile'
[60/330] west_bathroom4_r011_4_d22 gt=ceramic pred=tile raw='tile'
[61/330] state_bigbathroom2_r012_8_d03 gt=fabric/cloth pred=tile raw='tile'
[62/330] state_bigbathroom2_r012_8_d02 gt=fabric/cloth pred=fabric/cloth raw='fabric/cloth'
[63/330] state_bigbathroom2_r012_8_d21 gt=fabric/cloth pred=tile raw='tile'
[64/330] state_bigbathroom2_r012_8_d24 gt=fabric/cloth pred=fabric/cloth raw='fabric/cloth'
[65/330] state_bigbathroom2_r012_8_d23 gt=fabric/cloth pred=paper/tissue raw='paper/tissue'
[66/330] joy_living12_r013_12_d03 gt=glass pred=glass raw='glass'
[67/330] joy_living12_r013_12_d05 gt=glass pred=glass raw='glass'
[68/330] joy_living12_r013_12_d02 gt=glass pred=tile raw='tile'
[69/330] joy_living12_r013_12_d13 gt=glass pred=glass raw='glass'
[70/330] joy_living12_r013_12_d22 gt=glass pred=glass raw='glass'
[71/330] elm_revis_kitchen14_r014_13_d02 gt=granite/marble pred=granite/marble raw='granite/marble'
[72/330] elm_revis_kitchen14_r014_13_d03 gt=granite/marble pred=granite/marble raw='granite/marble'
[73/330] elm_revis_kitchen14_r014_13_d19 gt=granite/marble pred=granite/marble raw='granite/marble'
[74/330] elm_revis_kitchen14_r014_13_d20 gt=granite/marble pred=granite/marble raw='granite/marble'
[75/330] elm_revis_kitchen14_r014_13_d05 gt=granite/marble pred=granite/marble raw='granite/marble'
[76/330] willow_living19_r015_15_d24 gt=leather pred=tile raw='tile'
[77/330] willow_living19_r015_15_d15 gt=leather pred=fabric/cloth raw='fabric/cloth'
[78/330] willow_living19_r015_15_d16 gt=leather pred=leather raw='leather'
[79/330] willow_living19_r015_15_d02 gt=leather pred=leather raw='leather'
[80/330] willow_living19_r015_15_d01 gt=leather pred=tile raw='tile'
[81/330] state_kitchen5_r016_17_d18 gt=metal pred=glass raw='glass'
[82/330] state_kitchen5_r016_17_d02 gt=metal pred=glass raw='glass'
[83/330] state_kitchen5_r016_17_d14 gt=metal pred=glass raw='glass'
[84/330] state_kitchen5_r016_17_d24 gt=metal pred=tile raw='tile'
[85/330] state_kitchen5_r016_17_d10 gt=metal pred=glass raw='glass'
[86/330] willow_living19_r017_21_d03 gt=paper/tissue pred=paper/tissue raw='paper/tissue'
[87/330] willow_living19_r017_21_d02 gt=paper/tissue pred=paper/tissue raw='paper/tissue'
[88/330] willow_living19_r017_21_d22 gt=paper/tissue pred=paper/tissue raw='paper/tissue'
[89/330] willow_living19_r017_21_d12 gt=paper/tissue pred=paper/tissue raw='paper/tissue'
[90/330] willow_living19_r017_21_d15 gt=paper/tissue pred=paper/tissue raw='paper/tissue'
[91/330] willow_living18_r018_22_d24 gt=clear plastic pred=tile raw='tile'
[92/330] willow_living18_r018_22_d14 gt=clear plastic pred=tile raw='tile'
[93/330] willow_living18_r018_22_d02 gt=clear plastic pred=glass raw='glass'
[94/330] willow_living18_r018_22_d07 gt=clear plastic pred=glass raw='glass'
[95/330] willow_living18_r018_22_d20 gt=clear plastic pred=tile raw='tile'
[96/330] fulkerson_revis_dining5_r019_23_d22 gt=opaque plastic pred=glass raw='glass'
[97/330] fulkerson_revis_dining5_r019_23_d16 gt=opaque plastic pred=tile raw='tile'
[98/330] fulkerson_revis_dining5_r019_23_d09 gt=opaque plastic pred=glass raw='glass'
[99/330] fulkerson_revis_dining5_r019_23_d03 gt=opaque plastic pred=clear plastic raw='clear plastic'
[100/330] fulkerson_revis_dining5_r019_23_d23 gt=opaque plastic pred=glass raw='glass'
[101/330] joy_bathroom6_r020_27_d22 gt=tile pred=tile raw='tile'
[102/330] joy_bathroom6_r020_27_d02 gt=tile pred=fabric/cloth raw='fabric/cloth'
[103/330] joy_bathroom6_r020_27_d21 gt=tile pred=tile raw='tile'
[104/330] joy_bathroom6_r020_27_d11 gt=tile pred=tile raw='tile'
[105/330] joy_bathroom6_r020_27_d20 gt=tile pred=tile raw='tile'
[106/330] kingston_floor1bath5_r021_32_d22 gt=wood pred=tile raw='tile'
[107/330] kingston_floor1bath5_r021_32_d24 gt=wood pred=wood raw='wood'
[108/330] kingston_floor1bath5_r021_32_d23 gt=wood pred=wood raw='wood'
[109/330] kingston_floor1bath5_r021_32_d06 gt=wood pred=tile raw='tile'
[110/330] kingston_floor1bath5_r021_32_d02 gt=wood pred=wood raw='wood'
[111/330] joy_bathroom9_r022_4_d03 gt=ceramic pred=tile raw='tile'
[112/330] joy_bathroom9_r022_4_d02 gt=ceramic pred=tile raw='tile'
[113/330] joy_bathroom9_r022_4_d21 gt=ceramic pred=tile raw='tile'
[114/330] joy_bathroom9_r022_4_d18 gt=ceramic pred=tile raw='tile'
[115/330] joy_bathroom9_r022_4_d00 gt=ceramic pred=tile raw='tile'
[116/330] willow_dining11_r023_8_d19 gt=fabric/cloth pred=fabric/cloth raw='fabric/cloth'
[117/330] willow_dining11_r023_8_d02 gt=fabric/cloth pred=tile raw='tile'
[118/330] willow_dining11_r023_8_d11 gt=fabric/cloth pred=fabric/cloth raw='fabric/cloth'
[119/330] willow_dining11_r023_8_d24 gt=fabric/cloth pred=fabric/cloth raw='fabric/cloth'
[120/330] willow_dining11_r023_8_d20 gt=fabric/cloth pred=tile raw='tile'
[121/330] kingston_dining7_r024_12_d22 gt=glass pred=ceramic raw='ceramic'
[122/330] kingston_dining7_r024_12_d21 gt=glass pred=glass raw='glass'
[123/330] kingston_dining7_r024_12_d24 gt=glass pred=ceramic raw='ceramic'
[124/330] kingston_dining7_r024_12_d02 gt=glass pred=glass raw='glass'
[125/330] kingston_dining7_r024_12_d13 gt=glass pred=glass raw='glass'
[126/330] state_kitchen2_r025_13_d23 gt=granite/marble pred=granite/marble raw='granite/marble'
[127/330] state_kitchen2_r025_13_d02 gt=granite/marble pred=tile raw='tile'
[128/330] state_kitchen2_r025_13_d14 gt=granite/marble pred=granite/marble raw='granite/marble'
[129/330] state_kitchen2_r025_13_d17 gt=granite/marble pred=tile raw='tile'
[130/330] state_kitchen2_r025_13_d20 gt=granite/marble pred=granite/marble raw='granite/marble'
[131/330] joy_bedroom14_r026_15_d02 gt=leather pred=tile raw='tile'
[132/330] joy_bedroom14_r026_15_d21 gt=leather pred=fabric/cloth raw='fabric/cloth'
[133/330] joy_bedroom14_r026_15_d22 gt=leather pred=tile raw='tile'
[134/330] joy_bedroom14_r026_15_d07 gt=leather pred=tile raw='tile'
[135/330] joy_bedroom14_r026_15_d05 gt=leather pred=tile raw='tile'
[136/330] fulkerson_revis_kitchen11_r027_17_d22 gt=metal pred=glass raw='glass'
[137/330] fulkerson_revis_kitchen11_r027_17_d02 gt=metal pred=clear plastic raw='clear plastic'
[138/330] fulkerson_revis_kitchen11_r027_17_d18 gt=metal pred=glass raw='glass'
[139/330] fulkerson_revis_kitchen11_r027_17_d13 gt=metal pred=glass raw='glass'
[140/330] fulkerson_revis_kitchen11_r027_17_d03 gt=metal pred=glass raw='glass'
[141/330] kingston_living5_r028_21_d22 gt=paper/tissue pred=paper/tissue raw='paper/tissue'
[142/330] kingston_living5_r028_21_d20 gt=paper/tissue pred=tile raw='tile'
[143/330] kingston_living5_r028_21_d11 gt=paper/tissue pred=paper/tissue raw='paper/tissue'
[144/330] kingston_living5_r028_21_d05 gt=paper/tissue pred=paper/tissue raw='paper/tissue'
[145/330] kingston_living5_r028_21_d03 gt=paper/tissue pred=paper/tissue raw='paper/tissue'
[146/330] 14n_office11_r029_23_d18 gt=opaque plastic pred=glass raw='glass'
[147/330] 14n_office11_r029_23_d20 gt=opaque plastic pred=clear plastic raw='clear plastic'
[148/330] 14n_office11_r029_23_d05 gt=opaque plastic pred=tile raw='tile'
[149/330] 14n_office11_r029_23_d21 gt=opaque plastic pred=tile raw='tile'
[150/330] 14n_office11_r029_23_d00 gt=opaque plastic pred=tile raw='tile'
[151/330] west_bathroom4_r030_27_d22 gt=tile pred=tile raw='tile'
[152/330] west_bathroom4_r030_27_d20 gt=tile pred=tile raw='tile'
[153/330] west_bathroom4_r030_27_d21 gt=tile pred=tile raw='tile'
[154/330] west_bathroom4_r030_27_d19 gt=tile pred=tile raw='tile'
[155/330] west_bathroom4_r030_27_d11 gt=tile pred=tile raw='tile'
[156/330] willow_kitchen18_r031_32_d03 gt=wood pred=wood raw='wood'
[157/330] willow_kitchen18_r031_32_d24 gt=wood pred=wood raw='wood'
[158/330] willow_kitchen18_r031_32_d06 gt=wood pred=wood raw='wood'
[159/330] willow_kitchen18_r031_32_d16 gt=wood pred=wood raw='wood'
[160/330] willow_kitchen18_r031_32_d18 gt=wood pred=wood raw='wood'
[161/330] summer_bathroom8_r032_4_d22 gt=ceramic pred=tile raw='tile'
[162/330] summer_bathroom8_r032_4_d21 gt=ceramic pred=tile raw='tile'
[163/330] summer_bathroom8_r032_4_d20 gt=ceramic pred=tile raw='tile'
[164/330] summer_bathroom8_r032_4_d07 gt=ceramic pred=tile raw='tile'
[165/330] summer_bathroom8_r032_4_d00 gt=ceramic pred=tile raw='tile'
[166/330] state_smallbathroom3_r033_8_d02 gt=fabric/cloth pred=fabric/cloth raw='fabric/cloth'
[167/330] state_smallbathroom3_r033_8_d20 gt=fabric/cloth pred=paper/tissue raw='paper/tissue'
[168/330] state_smallbathroom3_r033_8_d18 gt=fabric/cloth pred=paper/tissue raw='paper/tissue'
[169/330] state_smallbathroom3_r033_8_d03 gt=fabric/cloth pred=paper/tissue raw='paper/tissue'
[170/330] state_smallbathroom3_r033_8_d00 gt=fabric/cloth pred=fabric/cloth raw='fabric/cloth'
[171/330] joy_bedroom16_r034_12_d24 gt=glass pred=paper/tissue raw='paper/tissue'
[172/330] joy_bedroom16_r034_12_d03 gt=glass pred=paper/tissue raw='paper/tissue'
[173/330] joy_bedroom16_r034_12_d21 gt=glass pred=paper/tissue raw='paper/tissue'
[174/330] joy_bedroom16_r034_12_d01 gt=glass pred=paper/tissue raw='paper/tissue'
[175/330] joy_bedroom16_r034_12_d02 gt=glass pred=paper/tissue raw='paper/tissue'
[176/330] willow_dining14_r035_15_d22 gt=leather pred=wood raw='wood'
[177/330] willow_dining14_r035_15_d20 gt=leather pred=wood raw='wood'
[178/330] willow_dining14_r035_15_d13 gt=leather pred=paper/tissue raw='paper/tissue'
[179/330] willow_dining14_r035_15_d19 gt=leather pred=tile raw='tile'
[180/330] willow_dining14_r035_15_d21 gt=leather pred=wood raw='wood'
[181/330] willow_kitchen18_r036_17_d03 gt=metal pred=glass raw='glass'
[182/330] willow_kitchen18_r036_17_d02 gt=metal pred=metal raw='metal'
[183/330] willow_kitchen18_r036_17_d13 gt=metal pred=tile raw='tile'
[184/330] willow_kitchen18_r036_17_d14 gt=metal pred=metal raw='metal'
[185/330] willow_kitchen18_r036_17_d11 gt=metal pred=metal raw='metal'
[186/330] 14n_office7_r037_21_d03 gt=paper/tissue pred=paper/tissue raw='paper/tissue'
[187/330] 14n_office7_r037_21_d24 gt=paper/tissue pred=tile raw='tile'
[188/330] 14n_office7_r037_21_d08 gt=paper/tissue pred=tile raw='tile'
[189/330] 14n_office7_r037_21_d05 gt=paper/tissue pred=wood raw='wood'
[190/330] 14n_office7_r037_21_d20 gt=paper/tissue pred=wood raw='wood'
[191/330] willow_kitchen15_r038_23_d03 gt=opaque plastic pred=glass raw='glass'
[192/330] willow_kitchen15_r038_23_d24 gt=opaque plastic pred=tile raw='tile'
[193/330] willow_kitchen15_r038_23_d15 gt=opaque plastic pred=tile raw='tile'
[194/330] willow_kitchen15_r038_23_d12 gt=opaque plastic pred=tile raw='tile'
[195/330] willow_kitchen15_r038_23_d02 gt=opaque plastic pred=tile raw='tile'
[196/330] state_bigbathroom2_r039_27_d22 gt=tile pred=tile raw='tile'
[197/330] state_bigbathroom2_r039_27_d21 gt=tile pred=tile raw='tile'
[198/330] state_bigbathroom2_r039_27_d02 gt=tile pred=tile raw='tile'
[199/330] state_bigbathroom2_r039_27_d24 gt=tile pred=tile raw='tile'
[200/330] state_bigbathroom2_r039_27_d20 gt=tile pred=tile raw='tile'
[201/330] 14n_office11_r040_32_d03 gt=wood pred=wood raw='wood'
[202/330] 14n_office11_r040_32_d02 gt=wood pred=wood raw='wood'
[203/330] 14n_office11_r040_32_d21 gt=wood pred=wood raw='wood'
[204/330] 14n_office11_r040_32_d00 gt=wood pred=wood raw='wood'
[205/330] 14n_office11_r040_32_d13 gt=wood pred=wood raw='wood'
[206/330] state_bigbathroom2_r041_4_d02 gt=ceramic pred=tile raw='tile'
[207/330] state_bigbathroom2_r041_4_d03 gt=ceramic pred=tile raw='tile'
[208/330] state_bigbathroom2_r041_4_d23 gt=ceramic pred=tile raw='tile'
[209/330] state_bigbathroom2_r041_4_d04 gt=ceramic pred=tile raw='tile'
[210/330] state_bigbathroom2_r041_4_d21 gt=ceramic pred=tile raw='tile'
[211/330] summer_bathroom8_r042_8_d22 gt=fabric/cloth pred=paper/tissue raw='paper/tissue'
[212/330] summer_bathroom8_r042_8_d21 gt=fabric/cloth pred=fabric/cloth raw='fabric/cloth'
[213/330] summer_bathroom8_r042_8_d11 gt=fabric/cloth pred=fabric/cloth raw='fabric/cloth'
[214/330] summer_bathroom8_r042_8_d03 gt=fabric/cloth pred=paper/tissue raw='paper/tissue'
[215/330] summer_bathroom8_r042_8_d01 gt=fabric/cloth pred=fabric/cloth raw='fabric/cloth'
[216/330] fulkerson_revis_dining5_r043_12_d03 gt=glass pred=wood raw='wood'
[217/330] fulkerson_revis_dining5_r043_12_d24 gt=glass pred=fabric/cloth raw='fabric/cloth'
[218/330] fulkerson_revis_dining5_r043_12_d20 gt=glass pred=fabric/cloth raw='fabric/cloth'
[219/330] fulkerson_revis_dining5_r043_12_d21 gt=glass pred=wood raw='wood'
[220/330] fulkerson_revis_dining5_r043_12_d22 gt=glass pred=fabric/cloth raw='fabric/cloth'
[221/330] willow_dining11_r044_15_d03 gt=leather pred=fabric/cloth raw='fabric/cloth'
[222/330] willow_dining11_r044_15_d02 gt=leather pred=leather raw='leather'
[223/330] willow_dining11_r044_15_d10 gt=leather pred=fabric/cloth raw='fabric/cloth'
[224/330] willow_dining11_r044_15_d22 gt=leather pred=fabric/cloth raw='fabric/cloth'
[225/330] willow_dining11_r044_15_d21 gt=leather pred=paper/tissue raw='paper/tissue'
[226/330] willow_kitchen15_r045_17_d02 gt=metal pred=glass raw='glass'
[227/330] willow_kitchen15_r045_17_d20 gt=metal pred=clear plastic raw='clear plastic'
[228/330] willow_kitchen15_r045_17_d14 gt=metal pred=tile raw='tile'
[229/330] willow_kitchen15_r045_17_d03 gt=metal pred=tile raw='tile'
[230/330] willow_kitchen15_r045_17_d24 gt=metal pred=tile raw='tile'
[231/330] kingston_living7_r046_21_d19 gt=paper/tissue pred=paper/tissue raw='paper/tissue'
[232/330] kingston_living7_r046_21_d02 gt=paper/tissue pred=wood raw='wood'
[233/330] kingston_living7_r046_21_d20 gt=paper/tissue pred=paper/tissue raw='paper/tissue'
[234/330] kingston_living7_r046_21_d23 gt=paper/tissue pred=paper/tissue raw='paper/tissue'
[235/330] kingston_living7_r046_21_d04 gt=paper/tissue pred=paper/tissue raw='paper/tissue'
[236/330] 14n_office1_r047_23_d02 gt=opaque plastic pred=fabric/cloth raw='fabric/cloth'
[237/330] 14n_office1_r047_23_d21 gt=opaque plastic pred=tile raw='tile'
[238/330] 14n_office1_r047_23_d05 gt=opaque plastic pred=clear plastic raw='clear plastic'
[239/330] 14n_office1_r047_23_d17 gt=opaque plastic pred=clear plastic raw='clear plastic'
[240/330] 14n_office1_r047_23_d20 gt=opaque plastic pred=fabric/cloth raw='fabric/cloth'
[241/330] joy_bathroom9_r048_27_d22 gt=tile pred=tile raw='tile'
[242/330] joy_bathroom9_r048_27_d20 gt=tile pred=tile raw='tile'
[243/330] joy_bathroom9_r048_27_d03 gt=tile pred=tile raw='tile'
[244/330] joy_bathroom9_r048_27_d07 gt=tile pred=tile raw='tile'
[245/330] joy_bathroom9_r048_27_d14 gt=tile pred=tile raw='tile'
[246/330] state_kitchen5_r049_32_d13 gt=wood pred=wood raw='wood'
[247/330] state_kitchen5_r049_32_d20 gt=wood pred=wood raw='wood'
[248/330] state_kitchen5_r049_32_d19 gt=wood pred=wood raw='wood'
[249/330] state_kitchen5_r049_32_d10 gt=wood pred=wood raw='wood'
[250/330] state_kitchen5_r049_32_d21 gt=wood pred=tile raw='tile'
[251/330] kingston_bigbathroom6_r050_4_d02 gt=ceramic pred=tile raw='tile'
[252/330] kingston_bigbathroom6_r050_4_d03 gt=ceramic pred=tile raw='tile'
[253/330] kingston_bigbathroom6_r050_4_d00 gt=ceramic pred=tile raw='tile'
[254/330] kingston_bigbathroom6_r050_4_d21 gt=ceramic pred=tile raw='tile'
[255/330] kingston_bigbathroom6_r050_4_d22 gt=ceramic pred=tile raw='tile'
[256/330] willow_dining11_r051_8_d03 gt=fabric/cloth pred=fabric/cloth raw='fabric/cloth'
[257/330] willow_dining11_r051_8_d02 gt=fabric/cloth pred=fabric/cloth raw='fabric/cloth'
[258/330] willow_dining11_r051_8_d20 gt=fabric/cloth pred=fabric/cloth raw='fabric/cloth'
[259/330] willow_dining11_r051_8_d21 gt=fabric/cloth pred=paper/tissue raw='paper/tissue'
[260/330] willow_dining11_r051_8_d19 gt=fabric/cloth pred=fabric/cloth raw='fabric/cloth'
[261/330] willow_dining14_r052_15_d22 gt=leather pred=tile raw='tile'
[262/330] willow_dining14_r052_15_d05 gt=leather pred=fabric/cloth raw='fabric/cloth'
[263/330] willow_dining14_r052_15_d20 gt=leather pred=tile raw='tile'
[264/330] willow_dining14_r052_15_d02 gt=leather pred=leather raw='leather'
[265/330] willow_dining14_r052_15_d19 gt=leather pred=tile raw='tile'
[266/330] state_kitchen2_r053_17_d23 gt=metal pred=leather raw='leather'
[267/330] state_kitchen2_r053_17_d03 gt=metal pred=tile raw='tile'
[268/330] state_kitchen2_r053_17_d15 gt=metal pred=glass raw='glass'
[269/330] state_kitchen2_r053_17_d17 gt=metal pred=glass raw='glass'
[270/330] state_kitchen2_r053_17_d02 gt=metal pred=fabric/cloth raw='fabric/cloth'
[271/330] 14n_office7_r054_21_d03 gt=paper/tissue pred=wood raw='wood'
[272/330] 14n_office7_r054_21_d02 gt=paper/tissue pred=paper/tissue raw='paper/tissue'
[273/330] 14n_office7_r054_21_d01 gt=paper/tissue pred=paper/tissue raw='paper/tissue'
[274/330] 14n_office7_r054_21_d13 gt=paper/tissue pred=paper/tissue raw='paper/tissue'
[275/330] 14n_office7_r054_21_d22 gt=paper/tissue pred=paper/tissue raw='paper/tissue'
[276/330] willow_dining14_r055_23_d03 gt=opaque plastic pred=paper/tissue raw='paper/tissue'
[277/330] willow_dining14_r055_23_d24 gt=opaque plastic pred=paper/tissue raw='paper/tissue'
[278/330] willow_dining14_r055_23_d06 gt=opaque plastic pred=paper/tissue raw='paper/tissue'
[279/330] willow_dining14_r055_23_d10 gt=opaque plastic pred=paper/tissue raw='paper/tissue'
[280/330] willow_dining14_r055_23_d19 gt=opaque plastic pred=paper/tissue raw='paper/tissue'
[281/330] state_smallbathroom3_r056_27_d22 gt=tile pred=tile raw='tile'
[282/330] state_smallbathroom3_r056_27_d21 gt=tile pred=tile raw='tile'
[283/330] state_smallbathroom3_r056_27_d02 gt=tile pred=tile raw='tile'
[284/330] state_smallbathroom3_r056_27_d20 gt=tile pred=tile raw='tile'
[285/330] state_smallbathroom3_r056_27_d01 gt=tile pred=tile raw='tile'
[286/330] kingston_living5_r057_32_d03 gt=wood pred=wood raw='wood'
[287/330] kingston_living5_r057_32_d02 gt=wood pred=wood raw='wood'
[288/330] kingston_living5_r057_32_d14 gt=wood pred=tile raw='tile'
[289/330] kingston_living5_r057_32_d20 gt=wood pred=tile raw='tile'
[290/330] kingston_living5_r057_32_d24 gt=wood pred=tile raw='tile'
[291/330] joy_living12_r058_8_d03 gt=fabric/cloth pred=tile raw='tile'
[292/330] joy_living12_r058_8_d02 gt=fabric/cloth pred=tile raw='tile'
[293/330] joy_living12_r058_8_d01 gt=fabric/cloth pred=fabric/cloth raw='fabric/cloth'
[294/330] joy_living12_r058_8_d20 gt=fabric/cloth pred=paper/tissue raw='paper/tissue'
[295/330] joy_living12_r058_8_d21 gt=fabric/cloth pred=fabric/cloth raw='fabric/cloth'
[296/330] kingston_floor1bath5_r059_17_d03 gt=metal pred=tile raw='tile'
[297/330] kingston_floor1bath5_r059_17_d24 gt=metal pred=tile raw='tile'
[298/330] kingston_floor1bath5_r059_17_d21 gt=metal pred=tile raw='tile'
[299/330] kingston_floor1bath5_r059_17_d07 gt=metal pred=tile raw='tile'
[300/330] kingston_floor1bath5_r059_17_d02 gt=metal pred=paper/tissue raw='paper/tissue'
[301/330] kingston_floor1bath5_r060_23_d22 gt=opaque plastic pred=fabric/cloth raw='fabric/cloth'
[302/330] kingston_floor1bath5_r060_23_d21 gt=opaque plastic pred=leather raw='leather'
[303/330] kingston_floor1bath5_r060_23_d20 gt=opaque plastic pred=leather raw='leather'
[304/330] kingston_floor1bath5_r060_23_d12 gt=opaque plastic pred=leather raw='leather'
[305/330] kingston_floor1bath5_r060_23_d18 gt=opaque plastic pred=leather raw='leather'
[306/330] kingston_dining7_r061_32_d03 gt=wood pred=wood raw='wood'
[307/330] kingston_dining7_r061_32_d02 gt=wood pred=wood raw='wood'
[308/330] kingston_dining7_r061_32_d13 gt=wood pred=tile raw='tile'
[309/330] kingston_dining7_r061_32_d21 gt=wood pred=paper/tissue raw='paper/tissue'
[310/330] kingston_dining7_r061_32_d20 gt=wood pred=paper/tissue raw='paper/tissue'
[311/330] willow_dining12_r062_8_d03 gt=fabric/cloth pred=paper/tissue raw='paper/tissue'
[312/330] willow_dining12_r062_8_d02 gt=fabric/cloth pred=tile raw='tile'
[313/330] willow_dining12_r062_8_d06 gt=fabric/cloth pred=paper/tissue raw='paper/tissue'
[314/330] willow_dining12_r062_8_d21 gt=fabric/cloth pred=paper/tissue raw='paper/tissue'
[315/330] willow_dining12_r062_8_d19 gt=fabric/cloth pred=paper/tissue raw='paper/tissue'
[316/330] joy_bedroom16_r063_8_d03 gt=fabric/cloth pred=tile raw='tile'
[317/330] joy_bedroom16_r063_8_d24 gt=fabric/cloth pred=paper/tissue raw='paper/tissue'
[318/330] joy_bedroom16_r063_8_d01 gt=fabric/cloth pred=fabric/cloth raw='fabric/cloth'
[319/330] joy_bedroom16_r063_8_d15 gt=fabric/cloth pred=paper/tissue raw='paper/tissue'
[320/330] joy_bedroom16_r063_8_d14 gt=fabric/cloth pred=fabric/cloth raw='fabric/cloth'
[321/330] joy_bedroom14_r064_8_d02 gt=fabric/cloth pred=tile raw='tile'
[322/330] joy_bedroom14_r064_8_d03 gt=fabric/cloth pred=tile raw='tile'
[323/330] joy_bedroom14_r064_8_d19 gt=fabric/cloth pred=fabric/cloth raw='fabric/cloth'
[324/330] joy_bedroom14_r064_8_d22 gt=fabric/cloth pred=tile raw='tile'
[325/330] joy_bedroom14_r064_8_d24 gt=fabric/cloth pred=tile raw='tile'
[326/330] willow_dining8_r065_8_d18 gt=fabric/cloth pred=fabric/cloth raw='fabric/cloth'
[327/330] willow_dining8_r065_8_d21 gt=fabric/cloth pred=glass raw='glass'
[328/330] willow_dining8_r065_8_d03 gt=fabric/cloth pred=fabric/cloth raw='fabric/cloth'
[329/330] willow_dining8_r065_8_d07 gt=fabric/cloth pred=tile raw='tile'
[330/330] willow_dining8_r065_8_d01 gt=fabric/cloth pred=fabric/cloth raw='fabric/cloth'
