2026-07-19 00:33:51.510801: E external/local_xla/xla/stream_executor/cuda/cuda_fft.cc:467] Unable to register cuFFT factory: Attempting to register factory for plugin cuFFT when one has already been registered
WARNING: All log messages before absl::InitializeLog() is called are written to STDERR
E0000 00:00:1784392431.615321 1949920 cuda_dnn.cc:8579] Unable to register cuDNN factory: Attempting to register factory for plugin cuDNN when one has already been registered
E0000 00:00:1784392431.639465 1949920 cuda_blas.cc:1407] Unable to register cuBLAS factory: Attempting to register factory for plugin cuBLAS when one has already been registered
W0000 00:00:1784392431.827025 1949920 computation_placer.cc:177] computation placer already registered. Please check linkage and avoid linking the same target more than once.
W0000 00:00:1784392431.827065 1949920 computation_placer.cc:177] computation placer already registered. Please check linkage and avoid linking the same target more than once.
W0000 00:00:1784392431.827068 1949920 computation_placer.cc:177] computation placer already registered. Please check linkage and avoid linking the same target more than once.
W0000 00:00:1784392431.827070 1949920 computation_placer.cc:177] computation placer already registered. Please check linkage and avoid linking the same target more than once.
2026-07-19 00:33:51.848909: I tensorflow/core/platform/cpu_feature_guard.cc:210] This TensorFlow binary is optimized to use available CPU instructions in performance-critical operations.
To enable the following instructions: AVX2 FMA, in other operations, rebuild TensorFlow with the appropriate compiler flags.
`torch_dtype` is deprecated! Use `dtype` instead!
The following generation flags are not valid and may be ignored: ['temperature', 'top_p', 'top_k']. Set `TRANSFORMERS_VERBOSITY=info` for more details.
[1/115] west_bathroom4_r000_4_d02 gt=ceramic pred=tile raw='tile'
[2/115] west_bathroom4_r000_4_d03 gt=ceramic pred=tile raw='tile'
[3/115] west_bathroom4_r000_4_d23 gt=ceramic pred=tile raw='tile'
[4/115] west_bathroom4_r000_4_d14 gt=ceramic pred=tile raw='tile'
[5/115] west_bathroom4_r000_4_d22 gt=ceramic pred=tile raw='tile'
[6/115] state_bigbathroom2_r001_4_d02 gt=ceramic pred=tile raw='tile'
[7/115] state_bigbathroom2_r001_4_d03 gt=ceramic pred=tile raw='tile'
[8/115] state_bigbathroom2_r001_4_d23 gt=ceramic pred=tile raw='tile'
[9/115] state_bigbathroom2_r001_4_d04 gt=ceramic pred=tile raw='tile'
[10/115] state_bigbathroom2_r001_4_d21 gt=ceramic pred=tile raw='tile'
[11/115] elm_2floor_bedroom8_r002_8_d23 gt=fabric/cloth pred=fabric/cloth raw='fabric/cloth'
[12/115] elm_2floor_bedroom8_r002_8_d02 gt=fabric/cloth pred=tile raw='tile'
[13/115] elm_2floor_bedroom8_r002_8_d24 gt=fabric/cloth pred=fabric/cloth raw='fabric/cloth'
[14/115] elm_2floor_bedroom8_r002_8_d05 gt=fabric/cloth pred=fabric/cloth raw='fabric/cloth'
[15/115] elm_2floor_bedroom8_r002_8_d20 gt=fabric/cloth pred=fabric/cloth raw='fabric/cloth'
[16/115] state_bigbathroom2_r003_8_d03 gt=fabric/cloth pred=fabric/cloth raw='fabric/cloth'
[17/115] state_bigbathroom2_r003_8_d02 gt=fabric/cloth pred=tile raw='tile'
[18/115] state_bigbathroom2_r003_8_d21 gt=fabric/cloth pred=tile raw='tile'
[19/115] state_bigbathroom2_r003_8_d24 gt=fabric/cloth pred=tile raw='tile'
[20/115] state_bigbathroom2_r003_8_d23 gt=fabric/cloth pred=fabric/cloth raw='fabric/cloth'
[21/115] willow_dining11_r004_8_d19 gt=fabric/cloth pred=fabric/cloth raw='fabric/cloth'
[22/115] willow_dining11_r004_8_d02 gt=fabric/cloth pred=tile raw='tile'
[23/115] willow_dining11_r004_8_d11 gt=fabric/cloth pred=fabric/cloth raw='fabric/cloth'
[24/115] willow_dining11_r004_8_d24 gt=fabric/cloth pred=fabric/cloth raw='fabric/cloth'
[25/115] willow_dining11_r004_8_d20 gt=fabric/cloth pred=fabric/cloth raw='fabric/cloth'
[26/115] willow_dining11_r005_8_d03 gt=fabric/cloth pred=fabric/cloth raw='fabric/cloth'
[27/115] willow_dining11_r005_8_d02 gt=fabric/cloth pred=fabric/cloth raw='fabric/cloth'
[28/115] willow_dining11_r005_8_d20 gt=fabric/cloth pred=fabric/cloth raw='fabric/cloth'
[29/115] willow_dining11_r005_8_d21 gt=fabric/cloth pred=fabric/cloth raw='fabric/cloth'
[30/115] willow_dining11_r005_8_d19 gt=fabric/cloth pred=fabric/cloth raw='fabric/cloth'
[31/115] elm_2floor_bedroom8_r006_8_d23 gt=fabric/cloth pred=fabric/cloth raw='fabric/cloth'
[32/115] elm_2floor_bedroom8_r006_8_d03 gt=fabric/cloth pred=tile raw='tile'
[33/115] elm_2floor_bedroom8_r006_8_d06 gt=fabric/cloth pred=tile raw='tile'
[34/115] elm_2floor_bedroom8_r006_8_d14 gt=fabric/cloth pred=fabric/cloth raw='fabric/cloth'
[35/115] elm_2floor_bedroom8_r006_8_d20 gt=fabric/cloth pred=tile raw='tile'
[36/115] kingston_dining7_r007_12_d22 gt=glass pred=glass raw='glass'
[37/115] kingston_dining7_r007_12_d21 gt=glass pred=glass raw='glass'
[38/115] kingston_dining7_r007_12_d24 gt=glass pred=glass raw='glass'
[39/115] kingston_dining7_r007_12_d02 gt=glass pred=glass raw='glass'
[40/115] kingston_dining7_r007_12_d13 gt=glass pred=glass raw='glass'
[41/115] elm_revis_kitchen14_r008_13_d02 gt=granite/marble pred=granite/marble raw='granite/marble'
[42/115] elm_revis_kitchen14_r008_13_d03 gt=granite/marble pred=granite/marble raw='granite/marble'
[43/115] elm_revis_kitchen14_r008_13_d19 gt=granite/marble pred=granite/marble raw='granite/marble'
[44/115] elm_revis_kitchen14_r008_13_d20 gt=granite/marble pred=tile raw='tile'
[45/115] elm_revis_kitchen14_r008_13_d05 gt=granite/marble pred=granite/marble raw='granite/marble'
[46/115] willow_living19_r009_15_d24 gt=leather pred=leather raw='leather'
[47/115] willow_living19_r009_15_d15 gt=leather pred=leather raw='leather'
[48/115] willow_living19_r009_15_d16 gt=leather pred=leather raw='leather'
[49/115] willow_living19_r009_15_d02 gt=leather pred=leather raw='leather'
[50/115] willow_living19_r009_15_d01 gt=leather pred=leather raw='leather'
[51/115] willow_dining11_r010_15_d03 gt=leather pred=fabric/cloth raw='fabric/cloth'
[52/115] willow_dining11_r010_15_d02 gt=leather pred=leather raw='leather'
[53/115] willow_dining11_r010_15_d10 gt=leather pred=leather raw='leather'
[54/115] willow_dining11_r010_15_d22 gt=leather pred=leather raw='leather'
[55/115] willow_dining11_r010_15_d21 gt=leather pred=leather raw='leather'
[56/115] 14n_office13_r011_17_d22 gt=metal pred=tile raw='tile'
[57/115] 14n_office13_r011_17_d24 gt=metal pred=tile raw='tile'
[58/115] 14n_office13_r011_17_d20 gt=metal pred=tile raw='tile'
[59/115] 14n_office13_r011_17_d21 gt=metal pred=tile raw='tile'
[60/115] 14n_office13_r011_17_d10 gt=metal pred=tile raw='tile'
[61/115] kingston_floor1bath5_r012_17_d03 gt=metal pred=metal raw='metal'
[62/115] kingston_floor1bath5_r012_17_d24 gt=metal pred=metal raw='metal'
[63/115] kingston_floor1bath5_r012_17_d21 gt=metal pred=metal raw='metal'
[64/115] kingston_floor1bath5_r012_17_d07 gt=metal pred=metal raw='metal'
[65/115] kingston_floor1bath5_r012_17_d02 gt=metal pred=metal raw='metal'
[66/115] elm_2floor_bedroom8_r013_23_d23 gt=opaque plastic pred=opaque plastic raw='opaque plastic'
[67/115] elm_2floor_bedroom8_r013_23_d03 gt=opaque plastic pred=opaque plastic raw='opaque plastic'
[68/115] elm_2floor_bedroom8_r013_23_d08 gt=opaque plastic pred=opaque plastic raw='opaque plastic'
[69/115] elm_2floor_bedroom8_r013_23_d21 gt=opaque plastic pred=opaque plastic raw='opaque plastic'
[70/115] elm_2floor_bedroom8_r013_23_d22 gt=opaque plastic pred=opaque plastic raw='opaque plastic'
[71/115] 14n_office13_r014_23_d02 gt=opaque plastic pred=metal raw='metal'
[72/115] 14n_office13_r014_23_d03 gt=opaque plastic pred=metal raw='metal'
[73/115] 14n_office13_r014_23_d22 gt=opaque plastic pred=metal raw='metal'
[74/115] 14n_office13_r014_23_d17 gt=opaque plastic pred=metal raw='metal'
[75/115] 14n_office13_r014_23_d11 gt=opaque plastic pred=opaque plastic raw='opaque plastic'
[76/115] kingston_floor1bath5_r015_23_d22 gt=opaque plastic pred=opaque plastic raw='opaque plastic'
[77/115] kingston_floor1bath5_r015_23_d21 gt=opaque plastic pred=tile raw='tile'
[78/115] kingston_floor1bath5_r015_23_d20 gt=opaque plastic pred=opaque plastic raw='opaque plastic'
[79/115] kingston_floor1bath5_r015_23_d12 gt=opaque plastic pred=opaque plastic raw='opaque plastic'
[80/115] kingston_floor1bath5_r015_23_d18 gt=opaque plastic pred=opaque plastic raw='opaque plastic'
[81/115] willow_living19_r016_21_d03 gt=paper/tissue pred=paper/tissue raw='paper/tissue'
[82/115] willow_living19_r016_21_d02 gt=paper/tissue pred=paper/tissue raw='paper/tissue'
[83/115] willow_living19_r016_21_d22 gt=paper/tissue pred=paper/tissue raw='paper/tissue'
[84/115] willow_living19_r016_21_d12 gt=paper/tissue pred=paper/tissue raw='paper/tissue'
[85/115] willow_living19_r016_21_d15 gt=paper/tissue pred=paper/tissue raw='paper/tissue'
[86/115] kingston_living7_r017_21_d19 gt=paper/tissue pred=paper/tissue raw='paper/tissue'
[87/115] kingston_living7_r017_21_d02 gt=paper/tissue pred=wood raw='wood'
[88/115] kingston_living7_r017_21_d20 gt=paper/tissue pred=wood raw='wood'
[89/115] kingston_living7_r017_21_d23 gt=paper/tissue pred=paper/tissue raw='paper/tissue'
[90/115] kingston_living7_r017_21_d04 gt=paper/tissue pred=paper/tissue raw='paper/tissue'
[91/115] west_bathroom4_r018_27_d22 gt=tile pred=tile raw='tile'
[92/115] west_bathroom4_r018_27_d20 gt=tile pred=fabric/cloth raw='fabric/cloth'
[93/115] west_bathroom4_r018_27_d21 gt=tile pred=tile raw='tile'
[94/115] west_bathroom4_r018_27_d19 gt=tile pred=tile raw='tile'
[95/115] west_bathroom4_r018_27_d11 gt=tile pred=tile raw='tile'
[96/115] state_bigbathroom2_r019_27_d22 gt=tile pred=tile raw='tile'
[97/115] state_bigbathroom2_r019_27_d21 gt=tile pred=tile raw='tile'
[98/115] state_bigbathroom2_r019_27_d02 gt=tile pred=tile raw='tile'
[99/115] state_bigbathroom2_r019_27_d24 gt=tile pred=tile raw='tile'
[100/115] state_bigbathroom2_r019_27_d20 gt=tile pred=tile raw='tile'
[101/115] kingston_living7_r020_32_d22 gt=wood pred=wood raw='wood'
[102/115] kingston_living7_r020_32_d20 gt=wood pred=wood raw='wood'
[103/115] kingston_living7_r020_32_d04 gt=wood pred=wood raw='wood'
[104/115] kingston_living7_r020_32_d21 gt=wood pred=wood raw='wood'
[105/115] kingston_living7_r020_32_d06 gt=wood pred=wood raw='wood'
[106/115] kingston_floor1bath5_r021_32_d22 gt=wood pred=wood raw='wood'
[107/115] kingston_floor1bath5_r021_32_d24 gt=wood pred=wood raw='wood'
[108/115] kingston_floor1bath5_r021_32_d23 gt=wood pred=wood raw='wood'
[109/115] kingston_floor1bath5_r021_32_d06 gt=wood pred=wood raw='wood'
[110/115] kingston_floor1bath5_r021_32_d02 gt=wood pred=wood raw='wood'
[111/115] kingston_dining7_r022_32_d03 gt=wood pred=tile raw='tile'
[112/115] kingston_dining7_r022_32_d02 gt=wood pred=wood raw='wood'
[113/115] kingston_dining7_r022_32_d13 gt=wood pred=wood raw='wood'
[114/115] kingston_dining7_r022_32_d21 gt=wood pred=wood raw='wood'
[115/115] kingston_dining7_r022_32_d20 gt=wood pred=wood raw='wood'
